{"C:\\ProyectosFront\\fe-user-settlement-movements-portal\\src\\components\\Hr\\Hr.tsx": {"path":"C:\\ProyectosFront\\fe-user-settlement-movements-portal\\src\\components\\Hr\\Hr.tsx","statementMap":{"0":{"start":{"line":3,"column":11},"end":{"line":7,"column":1}},"1":{"start":{"line":4,"column":4},"end":{"line":6,"column":6}}},"fnMap":{"0":{"name":"(anonymous_0)","decl":{"start":{"line":3,"column":11},"end":{"line":3,"column":12}},"loc":{"start":{"line":3,"column":17},"end":{"line":7,"column":1}},"line":3}},"branchMap":{},"s":{"0":1,"1":3},"f":{"0":3},"b":{},"_coverageSchema":"1a1c01bbd47fc00a2c39e90264f33305004495a9","hash":"617d24c84a4237513a8f49f7864f8e47cdf46ded"}
,"C:\\ProyectosFront\\fe-user-settlement-movements-portal\\src\\components\\movusuComponents\\searchCoupons.tsx": {"path":"C:\\ProyectosFront\\fe-user-settlement-movements-portal\\src\\components\\movusuComponents\\searchCoupons.tsx","statementMap":{"0":{"start":{"line":10,"column":31},"end":{"line":336,"column":1}},"1":{"start":{"line":11,"column":40},"end":{"line":11,"column":55}},"2":{"start":{"line":12,"column":28},"end":{"line":12,"column":56}},"3":{"start":{"line":14,"column":46},"end":{"line":14,"column":58}},"4":{"start":{"line":15,"column":40},"end":{"line":15,"column":52}},"5":{"start":{"line":16,"column":32},"end":{"line":16,"column":44}},"6":{"start":{"line":17,"column":36},"end":{"line":17,"column":48}},"7":{"start":{"line":18,"column":34},"end":{"line":18,"column":46}},"8":{"start":{"line":19,"column":38},"end":{"line":19,"column":50}},"9":{"start":{"line":20,"column":40},"end":{"line":20,"column":69}},"10":{"start":{"line":21,"column":36},"end":{"line":21,"column":51}},"11":{"start":{"line":22,"column":32},"end":{"line":22,"column":47}},"12":{"start":{"line":23,"column":36},"end":{"line":23,"column":51}},"13":{"start":{"line":25,"column":28},"end":{"line":25,"column":40}},"14":{"start":{"line":28,"column":8},"end":{"line":31,"column":23}},"15":{"start":{"line":29,"column":12},"end":{"line":29,"column":24}},"16":{"start":{"line":31,"column":12},"end":{"line":31,"column":23}},"17":{"start":{"line":36,"column":8},"end":{"line":36,"column":31}},"18":{"start":{"line":37,"column":8},"end":{"line":37,"column":26}},"19":{"start":{"line":39,"column":22},"end":{"line":39,"column":57}},"20":{"start":{"line":40,"column":8},"end":{"line":40,"column":59}},"21":{"start":{"line":41,"column":8},"end":{"line":41,"column":53}},"22":{"start":{"line":42,"column":8},"end":{"line":42,"column":45}},"23":{"start":{"line":43,"column":8},"end":{"line":43,"column":49}},"24":{"start":{"line":44,"column":8},"end":{"line":44,"column":47}},"25":{"start":{"line":45,"column":8},"end":{"line":45,"column":51}},"26":{"start":{"line":46,"column":8},"end":{"line":46,"column":53}},"27":{"start":{"line":47,"column":8},"end":{"line":47,"column":49}},"28":{"start":{"line":48,"column":8},"end":{"line":48,"column":45}},"29":{"start":{"line":50,"column":8},"end":{"line":50,"column":29}},"30":{"start":{"line":52,"column":8},"end":{"line":67,"column":10}},"31":{"start":{"line":53,"column":12},"end":{"line":53,"column":44}},"32":{"start":{"line":54,"column":12},"end":{"line":62,"column":13}},"33":{"start":{"line":55,"column":16},"end":{"line":61,"column":17}},"34":{"start":{"line":56,"column":20},"end":{"line":56,"column":48}},"35":{"start":{"line":57,"column":20},"end":{"line":57,"column":39}},"36":{"start":{"line":60,"column":20},"end":{"line":60,"column":54}},"37":{"start":{"line":64,"column":12},"end":{"line":64,"column":29}},"38":{"start":{"line":66,"column":12},"end":{"line":66,"column":31}},"39":{"start":{"line":70,"column":4},"end":{"line":335,"column":6}},"40":{"start":{"line":83,"column":45},"end":{"line":83,"column":77}},"41":{"start":{"line":93,"column":45},"end":{"line":93,"column":74}},"42":{"start":{"line":105,"column":45},"end":{"line":105,"column":70}},"43":{"start":{"line":129,"column":45},"end":{"line":129,"column":72}},"44":{"start":{"line":156,"column":45},"end":{"line":156,"column":71}},"45":{"start":{"line":181,"column":45},"end":{"line":181,"column":73}},"46":{"start":{"line":203,"column":45},"end":{"line":203,"column":74}},"47":{"start":{"line":215,"column":32},"end":{"line":219,"column":33}},"48":{"start":{"line":216,"column":36},"end":{"line":216,"column":79}},"49":{"start":{"line":218,"column":36},"end":{"line":218,"column":54}},"50":{"start":{"line":233,"column":32},"end":{"line":237,"column":33}},"51":{"start":{"line":234,"column":36},"end":{"line":234,"column":77}},"52":{"start":{"line":236,"column":36},"end":{"line":236,"column":52}},"53":{"start":{"line":267,"column":45},"end":{"line":267,"column":68}},"54":{"start":{"line":274,"column":50},"end":{"line":274,"column":57}},"55":{"start":{"line":323,"column":47},"end":{"line":323,"column":63}},"56":{"start":{"line":325,"column":60},"end":{"line":325,"column":83}}},"fnMap":{"0":{"name":"(anonymous_0)","decl":{"start":{"line":10,"column":31},"end":{"line":10,"column":32}},"loc":{"start":{"line":10,"column":37},"end":{"line":336,"column":1}},"line":10},"1":{"name":"filterValue","decl":{"start":{"line":27,"column":13},"end":{"line":27,"column":24}},"loc":{"start":{"line":27,"column":37},"end":{"line":32,"column":5}},"line":27},"2":{"name":"find","decl":{"start":{"line":35,"column":19},"end":{"line":35,"column":23}},"loc":{"start":{"line":35,"column":80},"end":{"line":68,"column":5}},"line":35},"3":{"name":"(anonymous_3)","decl":{"start":{"line":52,"column":36},"end":{"line":52,"column":37}},"loc":{"start":{"line":52,"column":43},"end":{"line":63,"column":9}},"line":52},"4":{"name":"(anonymous_4)","decl":{"start":{"line":63,"column":17},"end":{"line":63,"column":18}},"loc":{"start":{"line":63,"column":24},"end":{"line":65,"column":9}},"line":63},"5":{"name":"(anonymous_5)","decl":{"start":{"line":65,"column":19},"end":{"line":65,"column":20}},"loc":{"start":{"line":65,"column":25},"end":{"line":67,"column":9}},"line":65},"6":{"name":"(anonymous_6)","decl":{"start":{"line":83,"column":38},"end":{"line":83,"column":39}},"loc":{"start":{"line":83,"column":45},"end":{"line":83,"column":77}},"line":83},"7":{"name":"(anonymous_7)","decl":{"start":{"line":93,"column":38},"end":{"line":93,"column":39}},"loc":{"start":{"line":93,"column":45},"end":{"line":93,"column":74}},"line":93},"8":{"name":"(anonymous_8)","decl":{"start":{"line":105,"column":38},"end":{"line":105,"column":39}},"loc":{"start":{"line":105,"column":45},"end":{"line":105,"column":70}},"line":105},"9":{"name":"noRefCheck","decl":{"start":{"line":111,"column":45},"end":{"line":111,"column":55}},"loc":{"start":{"line":111,"column":58},"end":{"line":111,"column":61}},"line":111},"10":{"name":"(anonymous_10)","decl":{"start":{"line":129,"column":38},"end":{"line":129,"column":39}},"loc":{"start":{"line":129,"column":45},"end":{"line":129,"column":72}},"line":129},"11":{"name":"noRefCheck","decl":{"start":{"line":138,"column":45},"end":{"line":138,"column":55}},"loc":{"start":{"line":138,"column":58},"end":{"line":138,"column":61}},"line":138},"12":{"name":"(anonymous_12)","decl":{"start":{"line":156,"column":38},"end":{"line":156,"column":39}},"loc":{"start":{"line":156,"column":45},"end":{"line":156,"column":71}},"line":156},"13":{"name":"noRefCheck","decl":{"start":{"line":163,"column":45},"end":{"line":163,"column":55}},"loc":{"start":{"line":163,"column":58},"end":{"line":163,"column":61}},"line":163},"14":{"name":"(anonymous_14)","decl":{"start":{"line":181,"column":38},"end":{"line":181,"column":39}},"loc":{"start":{"line":181,"column":45},"end":{"line":181,"column":73}},"line":181},"15":{"name":"noRefCheck","decl":{"start":{"line":189,"column":45},"end":{"line":189,"column":55}},"loc":{"start":{"line":189,"column":58},"end":{"line":189,"column":61}},"line":189},"16":{"name":"(anonymous_16)","decl":{"start":{"line":203,"column":38},"end":{"line":203,"column":39}},"loc":{"start":{"line":203,"column":45},"end":{"line":203,"column":74}},"line":203},"17":{"name":"noRefCheck","decl":{"start":{"line":213,"column":45},"end":{"line":213,"column":55}},"loc":{"start":{"line":213,"column":58},"end":{"line":213,"column":61}},"line":213},"18":{"name":"(anonymous_18)","decl":{"start":{"line":214,"column":38},"end":{"line":214,"column":39}},"loc":{"start":{"line":214,"column":45},"end":{"line":220,"column":29}},"line":214},"19":{"name":"noRefCheck","decl":{"start":{"line":231,"column":45},"end":{"line":231,"column":55}},"loc":{"start":{"line":231,"column":58},"end":{"line":231,"column":61}},"line":231},"20":{"name":"(anonymous_20)","decl":{"start":{"line":232,"column":38},"end":{"line":232,"column":39}},"loc":{"start":{"line":232,"column":45},"end":{"line":238,"column":29}},"line":232},"21":{"name":"noRefCheck","decl":{"start":{"line":249,"column":45},"end":{"line":249,"column":55}},"loc":{"start":{"line":249,"column":58},"end":{"line":249,"column":61}},"line":249},"22":{"name":"(anonymous_22)","decl":{"start":{"line":267,"column":38},"end":{"line":267,"column":39}},"loc":{"start":{"line":267,"column":45},"end":{"line":267,"column":68}},"line":267},"23":{"name":"(anonymous_23)","decl":{"start":{"line":274,"column":41},"end":{"line":274,"column":42}},"loc":{"start":{"line":274,"column":48},"end":{"line":274,"column":59}},"line":274},"24":{"name":"(anonymous_24)","decl":{"start":{"line":323,"column":36},"end":{"line":323,"column":37}},"loc":{"start":{"line":323,"column":45},"end":{"line":323,"column":65}},"line":323},"25":{"name":"(anonymous_25)","decl":{"start":{"line":325,"column":44},"end":{"line":325,"column":45}},"loc":{"start":{"line":325,"column":60},"end":{"line":325,"column":83}},"line":325}},"branchMap":{"0":{"loc":{"start":{"line":28,"column":8},"end":{"line":31,"column":23}},"type":"if","locations":[{"start":{"line":28,"column":8},"end":{"line":31,"column":23}},{"start":{"line":31,"column":12},"end":{"line":31,"column":23}}],"line":28},"1":{"loc":{"start":{"line":54,"column":12},"end":{"line":62,"column":13}},"type":"if","locations":[{"start":{"line":54,"column":12},"end":{"line":62,"column":13}},{"start":{},"end":{}}],"line":54},"2":{"loc":{"start":{"line":55,"column":16},"end":{"line":61,"column":17}},"type":"if","locations":[{"start":{"line":55,"column":16},"end":{"line":61,"column":17}},{"start":{"line":59,"column":20},"end":{"line":61,"column":17}}],"line":55},"3":{"loc":{"start":{"line":55,"column":20},"end":{"line":55,"column":79}},"type":"binary-expr","locations":[{"start":{"line":55,"column":20},"end":{"line":55,"column":46}},{"start":{"line":55,"column":50},"end":{"line":55,"column":79}}],"line":55},"4":{"loc":{"start":{"line":215,"column":32},"end":{"line":219,"column":33}},"type":"if","locations":[{"start":{"line":215,"column":32},"end":{"line":219,"column":33}},{"start":{"line":217,"column":39},"end":{"line":219,"column":33}}],"line":215},"5":{"loc":{"start":{"line":233,"column":32},"end":{"line":237,"column":33}},"type":"if","locations":[{"start":{"line":233,"column":32},"end":{"line":237,"column":33}},{"start":{"line":235,"column":39},"end":{"line":237,"column":33}}],"line":233},"6":{"loc":{"start":{"line":283,"column":17},"end":{"line":331,"column":22}},"type":"binary-expr","locations":[{"start":{"line":283,"column":17},"end":{"line":283,"column":27}},{"start":{"line":284,"column":20},"end":{"line":331,"column":22}}],"line":283},"7":{"loc":{"start":{"line":329,"column":39},"end":{"line":329,"column":90}},"type":"cond-expr","locations":[{"start":{"line":329,"column":75},"end":{"line":329,"column":86}},{"start":{"line":329,"column":89},"end":{"line":329,"column":90}}],"line":329},"8":{"loc":{"start":{"line":329,"column":39},"end":{"line":329,"column":72}},"type":"binary-expr","locations":[{"start":{"line":329,"column":39},"end":{"line":329,"column":56}},{"start":{"line":329,"column":60},"end":{"line":329,"column":72}}],"line":329}},"s":{"0":1,"1":4,"2":3,"3":3,"4":3,"5":3,"6":3,"7":3,"8":3,"9":3,"10":3,"11":3,"12":3,"13":3,"14":9,"15":4,"16":5,"17":1,"18":1,"19":1,"20":1,"21":1,"22":1,"23":1,"24":1,"25":1,"26":1,"27":1,"28":1,"29":1,"30":1,"31":0,"32":0,"33":0,"34":0,"35":0,"36":0,"37":0,"38":0,"39":3,"40":1,"41":0,"42":0,"43":0,"44":0,"45":0,"46":0,"47":0,"48":0,"49":0,"50":0,"51":0,"52":0,"53":0,"54":1,"55":0,"56":0},"f":{"0":4,"1":9,"2":1,"3":0,"4":0,"5":0,"6":1,"7":0,"8":0,"9":0,"10":0,"11":0,"12":0,"13":0,"14":0,"15":0,"16":0,"17":0,"18":0,"19":0,"20":0,"21":0,"22":0,"23":1,"24":0,"25":0},"b":{"0":[4,5],"1":[0,0],"2":[0,0],"3":[0,0],"4":[0,0],"5":[0,0],"6":[3,0],"7":[0,0],"8":[0,0]},"_coverageSchema":"1a1c01bbd47fc00a2c39e90264f33305004495a9","hash":"75d58709df080d1b7bd5a67b04dba7b64fe09511"}
,"C:\\ProyectosFront\\fe-user-settlement-movements-portal\\src\\config\\CSSReset.tsx": {"path":"C:\\ProyectosFront\\fe-user-settlement-movements-portal\\src\\config\\CSSReset.tsx","statementMap":{"0":{"start":{"line":4,"column":24},"end":{"line":128,"column":1}}},"fnMap":{},"branchMap":{},"s":{"0":1},"f":{},"b":{},"_coverageSchema":"1a1c01bbd47fc00a2c39e90264f33305004495a9","hash":"ea0ac6ac858b277e6157a01474b35bbf00561150"}
,"C:\\ProyectosFront\\fe-user-settlement-movements-portal\\src\\config\\DefaultValues.ts": {"path":"C:\\ProyectosFront\\fe-user-settlement-movements-portal\\src\\config\\DefaultValues.ts","statementMap":{"0":{"start":{"line":3,"column":34},"end":{"line":3,"column":107}}},"fnMap":{},"branchMap":{"0":{"loc":{"start":{"line":3,"column":34},"end":{"line":3,"column":107}},"type":"binary-expr","locations":[{"start":{"line":3,"column":34},"end":{"line":3,"column":59}},{"start":{"line":3,"column":63},"end":{"line":3,"column":107}}],"line":3}},"s":{"0":1},"f":{},"b":{"0":[1,1]},"_coverageSchema":"1a1c01bbd47fc00a2c39e90264f33305004495a9","hash":"c838214440e30c684049a9381220efbc04edeb3e"}
,"C:\\ProyectosFront\\fe-user-settlement-movements-portal\\src\\config\\index.ts": {"path":"C:\\ProyectosFront\\fe-user-settlement-movements-portal\\src\\config\\index.ts","statementMap":{"0":{"start":{"line":8,"column":16},"end":{"line":8,"column":35}},"1":{"start":{"line":9,"column":4},"end":{"line":17,"column":5}},"2":{"start":{"line":10,"column":8},"end":{"line":12,"column":9}},"3":{"start":{"line":14,"column":8},"end":{"line":16,"column":9}},"4":{"start":{"line":23,"column":18},"end":{"line":23,"column":27}},"5":{"start":{"line":25,"column":30},"end":{"line":25,"column":39}}},"fnMap":{"0":{"name":"getEnvs","decl":{"start":{"line":7,"column":9},"end":{"line":7,"column":16}},"loc":{"start":{"line":7,"column":27},"end":{"line":18,"column":1}},"line":7}},"branchMap":{"0":{"loc":{"start":{"line":9,"column":4},"end":{"line":17,"column":5}},"type":"if","locations":[{"start":{"line":9,"column":4},"end":{"line":17,"column":5}},{"start":{"line":13,"column":11},"end":{"line":17,"column":5}}],"line":9},"1":{"loc":{"start":{"line":9,"column":8},"end":{"line":9,"column":30}},"type":"binary-expr","locations":[{"start":{"line":9,"column":8},"end":{"line":9,"column":13}},{"start":{"line":9,"column":17},"end":{"line":9,"column":30}}],"line":9}},"s":{"0":1,"1":1,"2":0,"3":1,"4":1,"5":1},"f":{"0":1},"b":{"0":[0,1],"1":[1,0]},"_coverageSchema":"1a1c01bbd47fc00a2c39e90264f33305004495a9","hash":"1a01d7f4ea2a5365be8fb089dcb796b81aed6b61"}
,"C:\\ProyectosFront\\fe-user-settlement-movements-portal\\src\\services\\couponService\\CouponService.ts": {"path":"C:\\ProyectosFront\\fe-user-settlement-movements-portal\\src\\services\\couponService\\CouponService.ts","statementMap":{"0":{"start":{"line":7,"column":32},"end":{"line":7,"column":34}},"1":{"start":{"line":8,"column":4},"end":{"line":11,"column":7}},"2":{"start":{"line":9,"column":8},"end":{"line":10,"column":47}},"3":{"start":{"line":10,"column":12},"end":{"line":10,"column":47}},"4":{"start":{"line":13,"column":4},"end":{"line":19,"column":5}},"5":{"start":{"line":14,"column":25},"end":{"line":14,"column":160}},"6":{"start":{"line":15,"column":8},"end":{"line":15,"column":24}},"7":{"start":{"line":17,"column":8},"end":{"line":17,"column":27}},"8":{"start":{"line":18,"column":8},"end":{"line":18,"column":25}}},"fnMap":{"0":{"name":"searchCoupons","decl":{"start":{"line":6,"column":22},"end":{"line":6,"column":35}},"loc":{"start":{"line":6,"column":158},"end":{"line":20,"column":1}},"line":6},"1":{"name":"(anonymous_1)","decl":{"start":{"line":8,"column":35},"end":{"line":8,"column":36}},"loc":{"start":{"line":8,"column":53},"end":{"line":11,"column":5}},"line":8}},"branchMap":{"0":{"loc":{"start":{"line":9,"column":8},"end":{"line":10,"column":47}},"type":"if","locations":[{"start":{"line":9,"column":8},"end":{"line":10,"column":47}},{"start":{},"end":{}}],"line":9},"1":{"loc":{"start":{"line":9,"column":12},"end":{"line":9,"column":47}},"type":"binary-expr","locations":[{"start":{"line":9,"column":12},"end":{"line":9,"column":25}},{"start":{"line":9,"column":29},"end":{"line":9,"column":47}}],"line":9}},"s":{"0":1,"1":1,"2":9,"3":2,"4":1,"5":1,"6":0,"7":0,"8":0},"f":{"0":1,"1":9},"b":{"0":[2,7],"1":[9,2]},"_coverageSchema":"1a1c01bbd47fc00a2c39e90264f33305004495a9","hash":"89646cfa1db44bddd0bf7fdf84af59eec86ee10c"}
,"C:\\ProyectosFront\\fe-user-settlement-movements-portal\\src\\services\\couponService\\model\\model.ts": {"path":"C:\\ProyectosFront\\fe-user-settlement-movements-portal\\src\\services\\couponService\\model\\model.ts","statementMap":{},"fnMap":{},"branchMap":{},"s":{},"f":{},"b":{},"_coverageSchema":"1a1c01bbd47fc00a2c39e90264f33305004495a9","hash":"a205d48c654f30af26f2ded9c7d111365d81a4bb"}
,"C:\\ProyectosFront\\fe-user-settlement-movements-portal\\src\\services\\lib\\axios\\HttpClient.tsx": {"path":"C:\\ProyectosFront\\fe-user-settlement-movements-portal\\src\\services\\lib\\axios\\HttpClient.tsx","statementMap":{"0":{"start":{"line":5,"column":54},"end":{"line":7,"column":1}},"1":{"start":{"line":6,"column":4},"end":{"line":6,"column":24}},"2":{"start":{"line":12,"column":8},"end":{"line":21,"column":9}},"3":{"start":{"line":13,"column":37},"end":{"line":13,"column":118}},"4":{"start":{"line":14,"column":12},"end":{"line":14,"column":62}},"5":{"start":{"line":16,"column":12},"end":{"line":20,"column":13}},"6":{"start":{"line":17,"column":16},"end":{"line":17,"column":82}},"7":{"start":{"line":19,"column":16},"end":{"line":19,"column":75}},"8":{"start":{"line":25,"column":8},"end":{"line":34,"column":9}},"9":{"start":{"line":26,"column":37},"end":{"line":26,"column":111}},"10":{"start":{"line":27,"column":12},"end":{"line":27,"column":62}},"11":{"start":{"line":29,"column":12},"end":{"line":33,"column":13}},"12":{"start":{"line":30,"column":16},"end":{"line":30,"column":82}},"13":{"start":{"line":32,"column":16},"end":{"line":32,"column":75}}},"fnMap":{"0":{"name":"(anonymous_0)","decl":{"start":{"line":5,"column":54},"end":{"line":5,"column":55}},"loc":{"start":{"line":5,"column":74},"end":{"line":7,"column":1}},"line":5},"1":{"name":"(anonymous_1)","decl":{"start":{"line":11,"column":4},"end":{"line":11,"column":5}},"loc":{"start":{"line":11,"column":124},"end":{"line":22,"column":5}},"line":11},"2":{"name":"(anonymous_2)","decl":{"start":{"line":24,"column":4},"end":{"line":24,"column":5}},"loc":{"start":{"line":24,"column":112},"end":{"line":35,"column":5}},"line":24}},"branchMap":{"0":{"loc":{"start":{"line":16,"column":12},"end":{"line":20,"column":13}},"type":"if","locations":[{"start":{"line":16,"column":12},"end":{"line":20,"column":13}},{"start":{"line":18,"column":19},"end":{"line":20,"column":13}}],"line":16},"1":{"loc":{"start":{"line":29,"column":12},"end":{"line":33,"column":13}},"type":"if","locations":[{"start":{"line":29,"column":12},"end":{"line":33,"column":13}},{"start":{"line":31,"column":19},"end":{"line":33,"column":13}}],"line":29}},"s":{"0":1,"1":0,"2":0,"3":0,"4":0,"5":0,"6":0,"7":0,"8":1,"9":1,"10":0,"11":0,"12":0,"13":0},"f":{"0":0,"1":0,"2":1},"b":{"0":[0,0],"1":[0,0]},"_coverageSchema":"1a1c01bbd47fc00a2c39e90264f33305004495a9","hash":"82704584cc77fd275fb1025e4d3853310f2e14c7"}
,"C:\\ProyectosFront\\fe-user-settlement-movements-portal\\src\\services\\lib\\axios\\model\\model.ts": {"path":"C:\\ProyectosFront\\fe-user-settlement-movements-portal\\src\\services\\lib\\axios\\model\\model.ts","statementMap":{"0":{"start":{"line":7,"column":8},"end":{"line":7,"column":29}},"1":{"start":{"line":8,"column":8},"end":{"line":8,"column":33}},"2":{"start":{"line":9,"column":8},"end":{"line":9,"column":27}}},"fnMap":{"0":{"name":"(anonymous_0)","decl":{"start":{"line":6,"column":4},"end":{"line":6,"column":5}},"loc":{"start":{"line":6,"column":65},"end":{"line":10,"column":5}},"line":6}},"branchMap":{"0":{"loc":{"start":{"line":6,"column":16},"end":{"line":6,"column":36}},"type":"default-arg","locations":[{"start":{"line":6,"column":33},"end":{"line":6,"column":36}}],"line":6}},"s":{"0":0,"1":0,"2":0},"f":{"0":0},"b":{"0":[0]},"_coverageSchema":"1a1c01bbd47fc00a2c39e90264f33305004495a9","hash":"2a04ac8b8cac6b12fb85673a1bca8234774e3930"}
}
