TN:
SF:src\components\Hr\Hr.tsx
FN:3,(anonymous_0)
FNF:1
FNH:1
FNDA:3,(anonymous_0)
DA:3,1
DA:4,3
LF:2
LH:2
BRF:0
BRH:0
end_of_record
TN:
SF:src\components\movusuComponents\searchCoupons.tsx
FN:10,(anonymous_0)
FN:27,filterValue
FN:35,find
FN:52,(anonymous_3)
FN:63,(anonymous_4)
FN:65,(anonymous_5)
FN:83,(anonymous_6)
FN:93,(anonymous_7)
FN:105,(anonymous_8)
FN:111,noRefCheck
FN:129,(anonymous_10)
FN:138,noRefCheck
FN:156,(anonymous_12)
FN:163,noRefCheck
FN:181,(anonymous_14)
FN:189,noRefCheck
FN:203,(anonymous_16)
FN:213,noRefCheck
FN:214,(anonymous_18)
FN:231,noRefCheck
FN:232,(anonymous_20)
FN:249,noRefCheck
FN:267,(anonymous_22)
FN:274,(anonymous_23)
FN:323,(anonymous_24)
FN:325,(anonymous_25)
FNF:26
FNH:5
FNDA:4,(anonymous_0)
FNDA:9,filterValue
FNDA:1,find
FNDA:0,(anonymous_3)
FNDA:0,(anonymous_4)
FNDA:0,(anonymous_5)
FNDA:1,(anonymous_6)
FNDA:0,(anonymous_7)
FNDA:0,(anonymous_8)
FNDA:0,noRefCheck
FNDA:0,(anonymous_10)
FNDA:0,noRefCheck
FNDA:0,(anonymous_12)
FNDA:0,noRefCheck
FNDA:0,(anonymous_14)
FNDA:0,noRefCheck
FNDA:0,(anonymous_16)
FNDA:0,noRefCheck
FNDA:0,(anonymous_18)
FNDA:0,noRefCheck
FNDA:0,(anonymous_20)
FNDA:0,noRefCheck
FNDA:0,(anonymous_22)
FNDA:1,(anonymous_23)
FNDA:0,(anonymous_24)
FNDA:0,(anonymous_25)
DA:10,1
DA:11,4
DA:12,3
DA:14,3
DA:15,3
DA:16,3
DA:17,3
DA:18,3
DA:19,3
DA:20,3
DA:21,3
DA:22,3
DA:23,3
DA:25,3
DA:28,9
DA:29,4
DA:31,5
DA:36,1
DA:37,1
DA:39,1
DA:40,1
DA:41,1
DA:42,1
DA:43,1
DA:44,1
DA:45,1
DA:46,1
DA:47,1
DA:48,1
DA:50,1
DA:52,1
DA:53,0
DA:54,0
DA:55,0
DA:56,0
DA:57,0
DA:60,0
DA:64,0
DA:66,0
DA:70,3
DA:83,1
DA:93,0
DA:105,0
DA:129,0
DA:156,0
DA:181,0
DA:203,0
DA:215,0
DA:216,0
DA:218,0
DA:233,0
DA:234,0
DA:236,0
DA:267,0
DA:274,1
DA:323,0
DA:325,0
LF:57
LH:34
BRDA:28,0,0,4
BRDA:28,0,1,5
BRDA:54,1,0,0
BRDA:54,1,1,0
BRDA:55,2,0,0
BRDA:55,2,1,0
BRDA:55,3,0,0
BRDA:55,3,1,0
BRDA:215,4,0,0
BRDA:215,4,1,0
BRDA:233,5,0,0
BRDA:233,5,1,0
BRDA:283,6,0,3
BRDA:283,6,1,0
BRDA:329,7,0,0
BRDA:329,7,1,0
BRDA:329,8,0,0
BRDA:329,8,1,0
BRF:18
BRH:3
end_of_record
TN:
SF:src\config\CSSReset.tsx
FNF:0
FNH:0
DA:4,1
LF:1
LH:1
BRF:0
BRH:0
end_of_record
TN:
SF:src\config\DefaultValues.ts
FNF:0
FNH:0
DA:3,1
LF:1
LH:1
BRDA:3,0,0,1
BRDA:3,0,1,1
BRF:2
BRH:2
end_of_record
TN:
SF:src\config\index.ts
FN:7,getEnvs
FNF:1
FNH:1
FNDA:1,getEnvs
DA:8,1
DA:9,1
DA:10,0
DA:14,1
DA:23,1
DA:25,1
LF:6
LH:5
BRDA:9,0,0,0
BRDA:9,0,1,1
BRDA:9,1,0,1
BRDA:9,1,1,0
BRF:4
BRH:2
end_of_record
TN:
SF:src\services\couponService\CouponService.ts
FN:6,searchCoupons
FN:8,(anonymous_1)
FNF:2
FNH:2
FNDA:1,searchCoupons
FNDA:9,(anonymous_1)
DA:7,1
DA:8,1
DA:9,9
DA:10,2
DA:13,1
DA:14,1
DA:15,0
DA:17,0
DA:18,0
LF:9
LH:6
BRDA:9,0,0,2
BRDA:9,0,1,7
BRDA:9,1,0,9
BRDA:9,1,1,2
BRF:4
BRH:4
end_of_record
TN:
SF:src\services\couponService\model\model.ts
FNF:0
FNH:0
LF:0
LH:0
BRF:0
BRH:0
end_of_record
TN:
SF:src\services\lib\axios\HttpClient.tsx
FN:5,(anonymous_0)
FN:11,(anonymous_1)
FN:24,(anonymous_2)
FNF:3
FNH:1
FNDA:0,(anonymous_0)
FNDA:0,(anonymous_1)
FNDA:1,(anonymous_2)
DA:5,1
DA:6,0
DA:12,0
DA:13,0
DA:14,0
DA:16,0
DA:17,0
DA:19,0
DA:25,1
DA:26,1
DA:27,0
DA:29,0
DA:30,0
DA:32,0
LF:14
LH:3
BRDA:16,0,0,0
BRDA:16,0,1,0
BRDA:29,1,0,0
BRDA:29,1,1,0
BRF:4
BRH:0
end_of_record
TN:
SF:src\services\lib\axios\model\model.ts
FN:6,(anonymous_0)
FNF:1
FNH:0
FNDA:0,(anonymous_0)
DA:7,0
DA:8,0
DA:9,0
LF:3
LH:0
BRDA:6,0,0,0
BRF:1
BRH:0
end_of_record
